<?xml version="1.0" encoding="UTF-8"?>
<!-- Generated by org.testng.reporters.JUnitReportReporter -->
<testsuite hostname="Lenovo-PC" failures="0" tests="2" name="framework.firstproject.Landingpage" time="22.484" errors="0" timestamp="2021-05-14T21:56:41 IST" skipped="0">
  <testcase classname="framework.firstproject.Landingpage" name="landingPage" time="12.863"/>
  <system-out/>
  <testcase classname="framework.firstproject.Landingpage" name="landingPage" time="9.621"/>
  <system-out/>
</testsuite> <!-- framework.firstproject.Landingpage -->
