<?xml version="1.0" encoding="UTF-8"?>
<!-- Generated by org.testng.reporters.JUnitReportReporter -->
<testsuite hostname="Lenovo-PC" failures="0" tests="2" name="framework.Landingpage" time="15.845" errors="0" timestamp="2021-05-21T16:40:46 IST" skipped="0">
  <testcase classname="framework.Landingpage" name="landingPage" time="4.711"/>
  <system-out/>
  <testcase classname="framework.Landingpage" name="landingPage" time="11.134"/>
  <system-out/>
</testsuite> <!-- framework.Landingpage -->
