<?xml version="1.0" encoding="UTF-8"?>
<!-- Generated by org.testng.reporters.JUnitReportReporter -->
<testsuite hostname="Lenovo-PC" failures="0" tests="1" name="framework.udemy" time="0.000" errors="0" timestamp="2021-05-21T15:47:27 IST" skipped="1">
  <testcase classname="framework.udemy" name="udemyApp" time="0.000">
    <skipped/>
  </testcase> <!-- udemyApp -->
  <system-out/>
</testsuite> <!-- framework.udemy -->
