<?xml version="1.0" encoding="UTF-8"?>
<!-- Generated by org.testng.reporters.JUnitReportReporter -->
<testsuite skipped="0" hostname="Lenovo-PC" name="framework.Landingpage" tests="2" failures="0" timestamp="2021-05-21T16:54:07 IST" time="70.364" errors="0">
  <testcase name="landingPage" time="20.100" classname="framework.Landingpage"/>
  <system-out/>
  <testcase name="landingPage" time="50.264" classname="framework.Landingpage"/>
  <system-out/>
</testsuite> <!-- framework.Landingpage -->
