<?xml version="1.0" encoding="UTF-8"?>
<!-- Generated by org.testng.reporters.JUnitReportReporter -->
<testsuite skipped="0" hostname="Lenovo-PC" name="framework.firstproject.Landingpage" tests="2" failures="0" timestamp="2021-05-14T19:49:49 IST" time="26.066" errors="0">
  <testcase name="landingPage" time="14.270" classname="framework.firstproject.Landingpage"/>
  <system-out/>
  <testcase name="landingPage" time="11.796" classname="framework.firstproject.Landingpage"/>
  <system-out/>
</testsuite> <!-- framework.firstproject.Landingpage -->
