<?xml version="1.0" encoding="UTF-8"?>
<!-- Generated by org.testng.reporters.JUnitReportReporter -->
<testsuite skipped="0" hostname="Lenovo-PC" name="framework.firstproject.udemy" tests="1" failures="0" timestamp="2021-05-14T19:49:49 IST" time="12.652" errors="0">
  <testcase name="udemyApp" time="12.652" classname="framework.firstproject.udemy"/>
  <system-out/>
</testsuite> <!-- framework.firstproject.udemy -->
